<?xml version="1.0" encoding="UTF-8"?>
<!-- Generated by org.testng.reporters.JUnitReportReporter -->
<testsuite hostname="DESKTOP-3HEUE9S" failures="0" tests="6" name="com.sgtesting.ActiTimescenarious.Assignment1" time="29.639" errors="0" timestamp="2021-11-19T15:50:41 IST" skipped="0">
  <testcase classname="com.sgtesting.ActiTimescenarious.Assignment1" name="launchBrowser" time="2.402"/>
  <system-out/>
  <testcase classname="com.sgtesting.ActiTimescenarious.Assignment1" name="navigate" time="1.268"/>
  <system-out/>
  <testcase classname="com.sgtesting.ActiTimescenarious.Assignment1" name="login" time="15.184"/>
  <system-out/>
  <testcase classname="com.sgtesting.ActiTimescenarious.Assignment1" name="deleteUser" time="8.208"/>
  <system-out/>
  <testcase classname="com.sgtesting.ActiTimescenarious.Assignment1" name="logout" time="2.324"/>
  <system-out/>
  <testcase classname="com.sgtesting.ActiTimescenarious.Assignment1" name="closeApplication" time="0.253"/>
  <system-out/>
</testsuite> <!-- com.sgtesting.ActiTimescenarious.Assignment1 -->
