<?xml version="1.0" encoding="UTF-8"?>
<!-- Generated by org.testng.reporters.JUnitReportReporter -->
<testsuite hostname="DESKTOP-3HEUE9S" failures="0" tests="10" name="com.sgtesting.ActiTimescenarious.Assignment5" time="48.607" errors="0" timestamp="2021-11-17T14:31:42 IST" skipped="0">
  <testcase classname="com.sgtesting.ActiTimescenarious.Assignment5" name="launchBrowser" time="1.056"/>
  <system-out/>
  <testcase classname="com.sgtesting.ActiTimescenarious.Assignment5" name="navigate" time="1.487"/>
  <system-out/>
  <testcase classname="com.sgtesting.ActiTimescenarious.Assignment5" name="login" time="4.301"/>
  <system-out/>
  <testcase classname="com.sgtesting.ActiTimescenarious.Assignment5" name="minimizeFlyOutWindow" time="2.098"/>
  <system-out/>
  <testcase classname="com.sgtesting.ActiTimescenarious.Assignment5" name="createCustamer" time="10.076"/>
  <system-out/>
  <testcase classname="com.sgtesting.ActiTimescenarious.Assignment5" name="CreateProject" time="12.458"/>
  <system-out/>
  <testcase classname="com.sgtesting.ActiTimescenarious.Assignment5" name="DeleteProject" time="8.287"/>
  <system-out/>
  <testcase classname="com.sgtesting.ActiTimescenarious.Assignment5" name="deleteCustomer" time="6.301"/>
  <system-out/>
  <testcase classname="com.sgtesting.ActiTimescenarious.Assignment5" name="logout" time="2.303"/>
  <system-out/>
  <testcase classname="com.sgtesting.ActiTimescenarious.Assignment5" name="closeApplication" time="0.240"/>
  <system-out/>
</testsuite> <!-- com.sgtesting.ActiTimescenarious.Assignment5 -->
