<?xml version="1.0" encoding="UTF-8"?>
<!-- Generated by org.testng.reporters.JUnitReportReporter -->
<testsuite hostname="DESKTOP-3HEUE9S" failures="0" tests="6" name="com.sgtesting.ActiTimescenarious.Assignment2" time="35.176" errors="0" timestamp="2021-11-17T14:31:42 IST" skipped="0">
  <testcase classname="com.sgtesting.ActiTimescenarious.Assignment2" name="launchBrowser" time="1.040"/>
  <system-out/>
  <testcase classname="com.sgtesting.ActiTimescenarious.Assignment2" name="navigate" time="1.695"/>
  <system-out/>
  <testcase classname="com.sgtesting.ActiTimescenarious.Assignment2" name="login" time="21.659"/>
  <system-out/>
  <testcase classname="com.sgtesting.ActiTimescenarious.Assignment2" name="deleteUser" time="8.175"/>
  <system-out/>
  <testcase classname="com.sgtesting.ActiTimescenarious.Assignment2" name="logout" time="2.306"/>
  <system-out/>
  <testcase classname="com.sgtesting.ActiTimescenarious.Assignment2" name="closeApplication" time="0.301"/>
  <system-out/>
</testsuite> <!-- com.sgtesting.ActiTimescenarious.Assignment2 -->
