<?xml version="1.0" encoding="UTF-8"?>
<!-- Generated by org.testng.reporters.JUnitReportReporter -->
<testsuite hostname="DESKTOP-3HEUE9S" failures="0" tests="9" name="com.sgtesting.ActiTimescenarious.Assignment4" time="36.325" errors="0" timestamp="2021-11-17T14:31:42 IST" skipped="0">
  <testcase classname="com.sgtesting.ActiTimescenarious.Assignment4" name="launchBrowser" time="1.327"/>
  <system-out/>
  <testcase classname="com.sgtesting.ActiTimescenarious.Assignment4" name="navigate" time="1.539"/>
  <system-out/>
  <testcase classname="com.sgtesting.ActiTimescenarious.Assignment4" name="login" time="4.306"/>
  <system-out/>
  <testcase classname="com.sgtesting.ActiTimescenarious.Assignment4" name="minimizeFlyOutWindow" time="2.088"/>
  <system-out/>
  <testcase classname="com.sgtesting.ActiTimescenarious.Assignment4" name="createCustamer" time="10.014"/>
  <system-out/>
  <testcase classname="com.sgtesting.ActiTimescenarious.Assignment4" name="ModifyCustomer" time="8.282"/>
  <system-out/>
  <testcase classname="com.sgtesting.ActiTimescenarious.Assignment4" name="deleteCustomer" time="6.258"/>
  <system-out/>
  <testcase classname="com.sgtesting.ActiTimescenarious.Assignment4" name="logout" time="2.274"/>
  <system-out/>
  <testcase classname="com.sgtesting.ActiTimescenarious.Assignment4" name="closeApplication" time="0.237"/>
  <system-out/>
</testsuite> <!-- com.sgtesting.ActiTimescenarious.Assignment4 -->
