<?xml version="1.0" encoding="UTF-8"?>
<!-- Generated by org.testng.reporters.JUnitReportReporter -->
<testsuite hostname="DESKTOP-3HEUE9S" failures="0" tests="8" name="com.sgtesting.ActiTimescenarious.Assignment3" time="30.992" errors="0" timestamp="2021-11-17T14:31:42 IST" skipped="0">
  <testcase classname="com.sgtesting.ActiTimescenarious.Assignment3" name="launchBrowser" time="1.284"/>
  <system-out/>
  <testcase classname="com.sgtesting.ActiTimescenarious.Assignment3" name="navigate" time="1.442"/>
  <system-out/>
  <testcase classname="com.sgtesting.ActiTimescenarious.Assignment3" name="login" time="4.301"/>
  <system-out/>
  <testcase classname="com.sgtesting.ActiTimescenarious.Assignment3" name="minimizeFlyOutWindow" time="2.071"/>
  <system-out/>
  <testcase classname="com.sgtesting.ActiTimescenarious.Assignment3" name="createCustamer" time="12.034"/>
  <system-out/>
  <testcase classname="com.sgtesting.ActiTimescenarious.Assignment3" name="deleteCustomer" time="7.342"/>
  <system-out/>
  <testcase classname="com.sgtesting.ActiTimescenarious.Assignment3" name="logout" time="2.280"/>
  <system-out/>
  <testcase classname="com.sgtesting.ActiTimescenarious.Assignment3" name="closeApplication" time="0.238"/>
  <system-out/>
</testsuite> <!-- com.sgtesting.ActiTimescenarious.Assignment3 -->
