<?xml version="1.0" encoding="UTF-8"?>
<!-- Generated by org.testng.reporters.JUnitReportReporter -->
<testsuite hostname="DESKTOP-3HEUE9S" failures="0" tests="11" name="com.sgtesting.ActiTimescenarious.Assignment6" time="59.020" errors="0" timestamp="2021-11-17T14:31:42 IST" skipped="0">
  <testcase classname="com.sgtesting.ActiTimescenarious.Assignment6" name="launchBrowser" time="1.085"/>
  <system-out/>
  <testcase classname="com.sgtesting.ActiTimescenarious.Assignment6" name="navigate" time="1.588"/>
  <system-out/>
  <testcase classname="com.sgtesting.ActiTimescenarious.Assignment6" name="login" time="4.405"/>
  <system-out/>
  <testcase classname="com.sgtesting.ActiTimescenarious.Assignment6" name="minimizeFlyOutWindow" time="2.084"/>
  <system-out/>
  <testcase classname="com.sgtesting.ActiTimescenarious.Assignment6" name="createCustamer" time="10.043"/>
  <system-out/>
  <testcase classname="com.sgtesting.ActiTimescenarious.Assignment6" name="CreateProject" time="12.408"/>
  <system-out/>
  <testcase classname="com.sgtesting.ActiTimescenarious.Assignment6" name="ModifyProject" time="10.345"/>
  <system-out/>
  <testcase classname="com.sgtesting.ActiTimescenarious.Assignment6" name="DeleteProject" time="8.243"/>
  <system-out/>
  <testcase classname="com.sgtesting.ActiTimescenarious.Assignment6" name="deleteCustomer" time="6.284"/>
  <system-out/>
  <testcase classname="com.sgtesting.ActiTimescenarious.Assignment6" name="logout" time="2.311"/>
  <system-out/>
  <testcase classname="com.sgtesting.ActiTimescenarious.Assignment6" name="closeApplication" time="0.224"/>
  <system-out/>
</testsuite> <!-- com.sgtesting.ActiTimescenarious.Assignment6 -->
