<?xml version="1.0" encoding="UTF-8"?>
<!-- Generated by org.testng.reporters.JUnitReportReporter -->
<testsuite hostname="DESKTOP-3HEUE9S" failures="0" tests="12" name="com.sgtesting.ActiTimescenarious.Assignment7" time="74.590" errors="0" timestamp="2021-11-17T14:31:42 IST" skipped="0">
  <testcase classname="com.sgtesting.ActiTimescenarious.Assignment7" name="launchBrowser" time="1.023"/>
  <system-out/>
  <testcase classname="com.sgtesting.ActiTimescenarious.Assignment7" name="navigate" time="1.610"/>
  <system-out/>
  <testcase classname="com.sgtesting.ActiTimescenarious.Assignment7" name="login" time="4.300"/>
  <system-out/>
  <testcase classname="com.sgtesting.ActiTimescenarious.Assignment7" name="minimizeFlyOutWindow" time="2.071"/>
  <system-out/>
  <testcase classname="com.sgtesting.ActiTimescenarious.Assignment7" name="createCustamer" time="10.112"/>
  <system-out/>
  <testcase classname="com.sgtesting.ActiTimescenarious.Assignment7" name="CreateProject" time="12.441"/>
  <system-out/>
  <testcase classname="com.sgtesting.ActiTimescenarious.Assignment7" name="CreateTask" time="12.454"/>
  <system-out/>
  <testcase classname="com.sgtesting.ActiTimescenarious.Assignment7" name="DeleteTask" time="13.373"/>
  <system-out/>
  <testcase classname="com.sgtesting.ActiTimescenarious.Assignment7" name="DeleteProject" time="8.316"/>
  <system-out/>
  <testcase classname="com.sgtesting.ActiTimescenarious.Assignment7" name="deleteCustomer" time="6.271"/>
  <system-out/>
  <testcase classname="com.sgtesting.ActiTimescenarious.Assignment7" name="logout" time="2.317"/>
  <system-out/>
  <testcase classname="com.sgtesting.ActiTimescenarious.Assignment7" name="closeApplication" time="0.302"/>
  <system-out/>
</testsuite> <!-- com.sgtesting.ActiTimescenarious.Assignment7 -->
