<?xml version="1.0" encoding="UTF-8"?>
<!-- Generated by org.testng.reporters.JUnitReportReporter -->
<testsuite hostname="DESKTOP-3HEUE9S" failures="0" tests="2" name="com.sgtesting.tests.products.Products" time="0.004" errors="0" timestamp="2021-11-15T16:50:29 IST" skipped="0">
  <testcase classname="com.sgtesting.tests.products.Products" name="modifyProduct" time="0.002"/>
  <system-out/>
  <testcase classname="com.sgtesting.tests.products.Products" name="deleteProduct" time="0.002"/>
  <system-out/>
</testsuite> <!-- com.sgtesting.tests.products.Products -->
