<?xml version="1.0" encoding="UTF-8"?>
<!-- Generated by org.testng.reporters.JUnitReportReporter -->
<testsuite hostname="DESKTOP-3HEUE9S" failures="0" tests="2" name="com.sgtesting.hardassertions.AssertTrueDemo" time="0.017" errors="0" timestamp="2021-11-15T19:51:52 IST" skipped="0">
  <testcase classname="com.sgtesting.hardassertions.AssertTrueDemo" name="assertFalseDemo" time="0.015"/>
  <system-out/>
  <testcase classname="com.sgtesting.hardassertions.AssertTrueDemo" name="assertTrueDemo" time="0.002"/>
  <system-out/>
</testsuite> <!-- com.sgtesting.hardassertions.AssertTrueDemo -->
