<?xml version="1.0" encoding="UTF-8"?>
<!-- Generated by org.testng.reporters.JUnitReportReporter -->
<testsuite hostname="DESKTOP-3HEUE9S" failures="0" tests="3" name="com.sgtesting.tests.products.Products" time="0.012" errors="0" timestamp="2021-11-14T22:43:09 IST" skipped="0">
  <testcase classname="com.sgtesting.tests.products.Products" name="createProduct" time="0.002"/>
  <system-out/>
  <testcase classname="com.sgtesting.tests.products.Products" name="deleteProduct" time="0.006"/>
  <system-out/>
  <testcase classname="com.sgtesting.tests.products.Products" name="modifyProduct" time="0.004"/>
  <system-out/>
</testsuite> <!-- com.sgtesting.tests.products.Products -->
