<?xml version="1.0" encoding="UTF-8"?>
<!-- Generated by org.testng.reporters.JUnitReportReporter -->
<testsuite hostname="DESKTOP-3HEUE9S" failures="0" tests="2" name="com.sgtesting.softassertions.AssertNullDemo" time="0.016" errors="0" timestamp="2021-11-16T13:35:01 IST" skipped="0">
  <testcase classname="com.sgtesting.softassertions.AssertNullDemo" name="assertNotNullDemo" time="0.013"/>
  <system-out/>
  <testcase classname="com.sgtesting.softassertions.AssertNullDemo" name="assertNullDemo" time="0.003"/>
  <system-out/>
</testsuite> <!-- com.sgtesting.softassertions.AssertNullDemo -->
