<?xml version="1.0" encoding="UTF-8"?>
<!-- Generated by org.testng.reporters.JUnitReportReporter -->
<testsuite hostname="DESKTOP-3HEUE9S" failures="0" tests="2" name="com.sgtesting.softassertions.AssertTrueDemo" time="0.018" errors="0" timestamp="2021-11-15T19:51:08 IST" skipped="0">
  <testcase classname="com.sgtesting.softassertions.AssertTrueDemo" name="assertFalseDemo" time="0.014"/>
  <system-out/>
  <testcase classname="com.sgtesting.softassertions.AssertTrueDemo" name="assertTrueDemo" time="0.004"/>
  <system-out/>
</testsuite> <!-- com.sgtesting.softassertions.AssertTrueDemo -->
