<?xml version="1.0" encoding="UTF-8"?>
<!-- Generated by org.testng.reporters.JUnitReportReporter -->
<testsuite hostname="DESKTOP-3HEUE9S" failures="0" tests="3" name="com.sgtesting.tests.userswithparameter.UsersWithParameter" time="0.011" errors="0" timestamp="2021-11-14T22:42:08 IST" skipped="0">
  <testcase classname="com.sgtesting.tests.userswithparameter.UsersWithParameter" name="deleteUser" time="0.001"/>
  <system-out/>
  <testcase classname="com.sgtesting.tests.userswithparameter.UsersWithParameter" name="modifyUser" time="0.002"/>
  <system-out/>
  <testcase classname="com.sgtesting.tests.userswithparameter.UsersWithParameter" name="createUser" time="0.008"/>
  <system-out/>
</testsuite> <!-- com.sgtesting.tests.userswithparameter.UsersWithParameter -->
