<?xml version="1.0" encoding="UTF-8"?>
<!-- Generated by org.testng.reporters.JUnitReportReporter -->
<testsuite hostname="DESKTOP-3HEUE9S" failures="0" tests="3" name="com.sgtesting.tests.users.Users2" time="0.012" errors="0" timestamp="2021-11-15T19:56:28 IST" skipped="0">
  <testcase classname="com.sgtesting.tests.users.Users2" name="createUser" time="0.006"/>
  <system-out/>
  <testcase classname="com.sgtesting.tests.users.Users2" name="modifyUser" time="0.003"/>
  <system-out/>
  <testcase classname="com.sgtesting.tests.users.Users2" name="deleteUser" time="0.003"/>
  <system-out/>
</testsuite> <!-- com.sgtesting.tests.users.Users2 -->
