<?xml version="1.0" encoding="UTF-8"?>
<!-- Generated by org.testng.reporters.JUnitReportReporter -->
<testsuite hostname="DESKTOP-3HEUE9S" failures="0" tests="2" name="com.sgtesting.tests.annotationssummary.AnnotationsSummary" time="0.016" errors="0" timestamp="2021-11-14T22:44:32 IST" skipped="0">
  <testcase classname="com.sgtesting.tests.annotationssummary.AnnotationsSummary" name="test1_Annotations" time="0.011"/>
  <system-out/>
  <testcase classname="com.sgtesting.tests.annotationssummary.AnnotationsSummary" name="test2_Annotations" time="0.005"/>
  <system-out/>
</testsuite> <!-- com.sgtesting.tests.annotationssummary.AnnotationsSummary -->
