<?xml version="1.0" encoding="UTF-8"?>
<!-- Generated by org.testng.reporters.JUnitReportReporter -->
<testsuite hostname="DESKTOP-3HEUE9S" failures="0" tests="3" name="com.sgtesting.tests.users.Users" time="0.012" errors="0" timestamp="2021-11-14T22:43:09 IST" skipped="0">
  <testcase classname="com.sgtesting.tests.users.Users" name="deleteUser" time="0.002"/>
  <system-out/>
  <testcase classname="com.sgtesting.tests.users.Users" name="createUser" time="0.007"/>
  <system-out/>
  <testcase classname="com.sgtesting.tests.users.Users" name="modifyUser" time="0.003"/>
  <system-out/>
</testsuite> <!-- com.sgtesting.tests.users.Users -->
