<?xml version="1.0" encoding="UTF-8"?>
<!-- Generated by org.testng.reporters.JUnitReportReporter -->
<testsuite hostname="DESKTOP-3HEUE9S" failures="0" tests="2" name="com.sgtesting.hardassertions.AssertSameDemo" time="0.019" errors="0" timestamp="2021-11-15T19:48:41 IST" skipped="0">
  <testcase classname="com.sgtesting.hardassertions.AssertSameDemo" name="assertNotSameDemo" time="0.014"/>
  <system-out/>
  <testcase classname="com.sgtesting.hardassertions.AssertSameDemo" name="assertSameDemo" time="0.005"/>
  <system-out/>
</testsuite> <!-- com.sgtesting.hardassertions.AssertSameDemo -->
