<?xml version="1.0" encoding="UTF-8"?>
<!-- Generated by org.testng.reporters.JUnitReportReporter -->
<testsuite hostname="DESKTOP-3HEUE9S" failures="0" tests="2" name="com.sgtesting.hardassertions.AssertEqulsDemo" time="0.013" errors="0" timestamp="2021-11-15T19:43:23 IST" skipped="0">
  <testcase classname="com.sgtesting.hardassertions.AssertEqulsDemo" name="assertEqulsDemo" time="0.011"/>
  <system-out/>
  <testcase classname="com.sgtesting.hardassertions.AssertEqulsDemo" name="assertNotEqulsDemo" time="0.002"/>
  <system-out/>
</testsuite> <!-- com.sgtesting.hardassertions.AssertEqulsDemo -->
