<?xml version="1.0" encoding="UTF-8"?>
<!-- Generated by org.testng.reporters.JUnitReportReporter -->
<testsuite hostname="DESKTOP-3HEUE9S" failures="0" tests="1" name="com.sgtesting.tests.users.Users" time="0.011" errors="0" timestamp="2021-11-15T16:50:29 IST" skipped="0">
  <testcase classname="com.sgtesting.tests.users.Users" name="createUser" time="0.011"/>
  <system-out/>
</testsuite> <!-- com.sgtesting.tests.users.Users -->
