<?xml version="1.0" encoding="UTF-8"?>
<!-- Generated by org.testng.reporters.JUnitReportReporter -->
<testsuite hostname="DESKTOP-3HEUE9S" failures="0" tests="1" name="com.sgtesting.actitime.driverscript.DriverScript" time="116.114" errors="0" timestamp="2021-11-27T22:26:45 IST" skipped="0">
  <testcase classname="com.sgtesting.actitime.driverscript.DriverScript" name="executeTestScenarios" time="116.114"/>
  <system-out/>
</testsuite> <!-- com.sgtesting.actitime.driverscript.DriverScript -->
