<?xml version="1.0" encoding="UTF-8"?>
<!-- Generated by org.testng.reporters.JUnitReportReporter -->
<testsuite hostname="DESKTOP-3HEUE9S" failures="0" tests="6" name="TestScripts.DataProviderDemo" time="32.367" errors="0" timestamp="2021-11-15T20:21:31 IST" skipped="0">
  <testcase classname="TestScripts.DataProviderDemo" name="launchBrowser" time="3.107"/>
  <system-out/>
  <testcase classname="TestScripts.DataProviderDemo" name="navigate" time="2.535"/>
  <system-out/>
  <testcase classname="TestScripts.DataProviderDemo" name="login" time="8.609"/>
  <system-out/>
  <testcase classname="TestScripts.DataProviderDemo" name="login" time="8.882"/>
  <system-out/>
  <testcase classname="TestScripts.DataProviderDemo" name="login" time="8.921"/>
  <system-out/>
  <testcase classname="TestScripts.DataProviderDemo" name="closeApplication" time="0.313"/>
  <system-out/>
</testsuite> <!-- TestScripts.DataProviderDemo -->
