<?xml version="1.0" encoding="UTF-8"?>
<!-- Generated by org.testng.reporters.JUnitReportReporter -->
<testsuite hostname="DESKTOP-3HEUE9S" failures="0" tests="1" name="driverscript.DriverScript" time="56.698" errors="0" timestamp="2021-11-26T21:56:55 IST" skipped="0">
  <testcase classname="driverscript.DriverScript" name="executeScenarios" time="56.698"/>
  <system-out/>
</testsuite> <!-- driverscript.DriverScript -->
